<?xml version="1.0" encoding="UTF-8"?>
<!-- Generated by org.testng.reporters.JUnitXMLReporter -->
<testsuite hostname="DESKTOP-CBUUJ82" ignored="10" name="ForgotPassword" tests="1" failures="0" timestamp="23 Apr 2019 12:02:59 GMT" time="5.484" errors="0">
  <testcase name="TC_FP001" time="5.47" classname="com.knovva.TestCases.ForgotPassword"/>
  <testcase name="TC_FP011" time="0.0" classname="com.knovva.TestCases.ForgotPassword">
    <ignored/>
  </testcase> <!-- TC_FP011 -->
  <testcase name="TC_FP010" time="0.0" classname="com.knovva.TestCases.ForgotPassword">
    <ignored/>
  </testcase> <!-- TC_FP010 -->
  <testcase name="TC_FP013" time="0.0" classname="com.knovva.TestCases.ForgotPassword">
    <ignored/>
  </testcase> <!-- TC_FP013 -->
  <testcase name="TC_FP012" time="0.0" classname="com.knovva.TestCases.ForgotPassword">
    <ignored/>
  </testcase> <!-- TC_FP012 -->
  <testcase name="TC_FP008" time="0.0" classname="com.knovva.TestCases.ForgotPassword">
    <ignored/>
  </testcase> <!-- TC_FP008 -->
  <testcase name="TC_FP009" time="0.0" classname="com.knovva.TestCases.ForgotPassword">
    <ignored/>
  </testcase> <!-- TC_FP009 -->
  <testcase name="TC_FP015" time="0.0" classname="com.knovva.TestCases.ForgotPassword">
    <ignored/>
  </testcase> <!-- TC_FP015 -->
  <testcase name="TC_FP014" time="0.0" classname="com.knovva.TestCases.ForgotPassword">
    <ignored/>
  </testcase> <!-- TC_FP014 -->
  <testcase name="TC_FP003" time="0.0" classname="com.knovva.TestCases.ForgotPassword">
    <ignored/>
  </testcase> <!-- TC_FP003 -->
  <testcase name="TC_FP016" time="0.0" classname="com.knovva.TestCases.ForgotPassword">
    <ignored/>
  </testcase> <!-- TC_FP016 -->
</testsuite> <!-- ForgotPassword -->
