<?xml version="1.0" encoding="UTF-8"?>
<!-- Generated by org.testng.reporters.JUnitXMLReporter -->
<testsuite hostname="DESKTOP-CBUUJ82" ignored="14" name="Knovva" tests="5" failures="1" timestamp="25 Apr 2019 09:44:58 GMT" time="1.416" errors="0">
  <testcase name="@AfterMethod getMethodsUpdates" time="0.373" classname="com.knovva.Testbase.TestBase_Knovva">
    <failure type="java.lang.NullPointerException">
      <![CDATA[java.lang.NullPointerException
at com.knovva.Testbase.TestBase_Knovva.getMethodsUpdates(TestBase_Knovva.java:301)
... Removed 28 stack frames]]>
    </failure>
  </testcase> <!-- @AfterMethod getMethodsUpdates -->
  <testcase name="@AfterMethod getMethodsUpdates" time="0.0" classname="com.knovva.Testbase.TestBase_Knovva">
    <skipped/>
  </testcase> <!-- @AfterMethod getMethodsUpdates -->
  <testcase name="@AfterMethod getMethodsUpdates" time="0.0" classname="com.knovva.Testbase.TestBase_Knovva">
    <skipped/>
  </testcase> <!-- @AfterMethod getMethodsUpdates -->
  <testcase name="@AfterMethod getMethodsUpdates" time="0.0" classname="com.knovva.Testbase.TestBase_Knovva">
    <skipped/>
  </testcase> <!-- @AfterMethod getMethodsUpdates -->
  <testcase name="@AfterMethod getMethodsUpdates" time="0.0" classname="com.knovva.Testbase.TestBase_Knovva">
    <skipped/>
  </testcase> <!-- @AfterMethod getMethodsUpdates -->
  <testcase name="@AfterClass BrowserExit" time="0.0" classname="com.knovva.TestCases.Login1">
    <skipped/>
  </testcase> <!-- @AfterClass BrowserExit -->
  <testcase name="TC_L001" time="0.005" classname="com.knovva.TestCases.Login1">
    <failure type="java.lang.NullPointerException">
      <![CDATA[java.lang.NullPointerException
at com.knovva.TestCases.Login1.TC_L001(Login1.java:65)
... Removed 25 stack frames]]>
    </failure>
  </testcase> <!-- TC_L001 -->
  <testcase name="TC_L002" time="0.0" classname="com.knovva.TestCases.Login1">
    <skipped/>
  </testcase> <!-- TC_L002 -->
  <testcase name="TC_L003" time="0.0" classname="com.knovva.TestCases.Login1">
    <skipped/>
  </testcase> <!-- TC_L003 -->
  <testcase name="TC_L004" time="0.0" classname="com.knovva.TestCases.Login1">
    <skipped/>
  </testcase> <!-- TC_L004 -->
  <testcase name="TC_L005" time="0.0" classname="com.knovva.TestCases.Login1">
    <skipped/>
  </testcase> <!-- TC_L005 -->
  <testcase name="TC_L009" time="0.0" classname="com.knovva.TestCases.Login1">
    <ignored/>
  </testcase> <!-- TC_L009 -->
  <testcase name="TC_L006" time="0.0" classname="com.knovva.TestCases.Login1">
    <ignored/>
  </testcase> <!-- TC_L006 -->
  <testcase name="TC_L017" time="0.0" classname="com.knovva.TestCases.Login1">
    <ignored/>
  </testcase> <!-- TC_L017 -->
  <testcase name="TC_L008" time="0.0" classname="com.knovva.TestCases.Login1">
    <ignored/>
  </testcase> <!-- TC_L008 -->
  <testcase name="TC_L019" time="0.0" classname="com.knovva.TestCases.Login1">
    <ignored/>
  </testcase> <!-- TC_L019 -->
  <testcase name="TC_L016" time="0.0" classname="com.knovva.TestCases.Login1">
    <ignored/>
  </testcase> <!-- TC_L016 -->
  <testcase name="TC_L013" time="0.0" classname="com.knovva.TestCases.Login1">
    <ignored/>
  </testcase> <!-- TC_L013 -->
  <testcase name="TC_L007" time="0.0" classname="com.knovva.TestCases.Login1">
    <ignored/>
  </testcase> <!-- TC_L007 -->
  <testcase name="TC_L018" time="0.0" classname="com.knovva.TestCases.Login1">
    <ignored/>
  </testcase> <!-- TC_L018 -->
  <testcase name="TC_L015" time="0.0" classname="com.knovva.TestCases.Login1">
    <ignored/>
  </testcase> <!-- TC_L015 -->
  <testcase name="TC_L020" time="0.0" classname="com.knovva.TestCases.Login1">
    <ignored/>
  </testcase> <!-- TC_L020 -->
  <testcase name="TC_L014" time="0.0" classname="com.knovva.TestCases.Login1">
    <ignored/>
  </testcase> <!-- TC_L014 -->
  <testcase name="TC_L011" time="0.0" classname="com.knovva.TestCases.Login1">
    <ignored/>
  </testcase> <!-- TC_L011 -->
  <testcase name="TC_L010" time="0.0" classname="com.knovva.TestCases.Login1">
    <ignored/>
  </testcase> <!-- TC_L010 -->
</testsuite> <!-- Knovva -->
