<?xml version="1.0" encoding="UTF-8"?>
<testng-results skipped="0" failed="1" ignored="17" total="19" passed="1">
  <reporter-output>
  </reporter-output>
  <suite name="Default suite" duration-ms="207096" started-at="2019-05-09T06:22:14Z" finished-at="2019-05-09T06:25:41Z">
    <groups>
    </groups>
    <test name="Default test" duration-ms="207096" started-at="2019-05-09T06:22:14Z" finished-at="2019-05-09T06:25:41Z">
      <class name="com.knovva.TestCases.Login1">
        <test-method status="PASS" signature="callSetup()[pri:0, instance:com.knovva.TestCases.Login1@2a65fe7c]" name="callSetup" is-config="true" duration-ms="202" started-at="2019-05-09T06:22:14Z" finished-at="2019-05-09T06:22:14Z">
          <reporter-output>
          </reporter-output>
        </test-method> <!-- callSetup -->
        <test-method status="PASS" signature="callBrowser()[pri:0, instance:com.knovva.TestCases.Login1@2a65fe7c]" name="callBrowser" is-config="true" duration-ms="164343" started-at="2019-05-09T06:22:14Z" finished-at="2019-05-09T06:24:59Z">
          <reporter-output>
          </reporter-output>
        </test-method> <!-- callBrowser -->
        <test-method status="PASS" signature="TC_L001()[pri:0, instance:com.knovva.TestCases.Login1@2a65fe7c]" name="TC_L001" duration-ms="251" started-at="2019-05-09T06:24:59Z" description="If email ID field is blank , given input for password field and then click on Signin button|| Login button should not be enabled" finished-at="2019-05-09T06:24:59Z">
          <reporter-output>
          </reporter-output>
        </test-method> <!-- TC_L001 -->
        <test-method status="PASS" signature="getMethodsUpdates(org.testng.ITestResult)[pri:0, instance:com.knovva.TestCases.Login1@2a65fe7c]" name="getMethodsUpdates" is-config="true" duration-ms="3" started-at="2019-05-09T06:24:59Z" finished-at="2019-05-09T06:24:59Z">
          <params>
            <param index="0">
              <value>
                <![CDATA[[TestResult name=TC_L001 status=SUCCESS method=Login1.TC_L001()[pri:0, instance:com.knovva.TestCases.Login1@2a65fe7c] output={null}]]]>
              </value>
            </param>
          </params>
          <reporter-output>
          </reporter-output>
        </test-method> <!-- getMethodsUpdates -->
        <test-method status="FAIL" signature="TC_L020()[pri:0, instance:com.knovva.TestCases.Login1@2a65fe7c]" name="TC_L020" duration-ms="41515" started-at="2019-05-09T06:24:59Z" description="Check Sign in with google working or not || After Successful Gmail login it should login to the knovaa application page as per the requirement" finished-at="2019-05-09T06:25:40Z">
          <exception class="java.lang.AssertionError">
            <message>
              <![CDATA[expected [https://test.knovva.com/dashboard] but found [https://test.knovva.com/]]]>
            </message>
            <full-stacktrace>
              <![CDATA[java.lang.AssertionError: expected [https://test.knovva.com/dashboard] but found [https://test.knovva.com/]
at org.testng.Assert.fail(Assert.java:96)
at org.testng.Assert.failNotEquals(Assert.java:776)
at org.testng.Assert.assertEqualsImpl(Assert.java:137)
at org.testng.Assert.assertEquals(Assert.java:118)
at org.testng.Assert.assertEquals(Assert.java:453)
at org.testng.Assert.assertEquals(Assert.java:463)
at com.knovva.TestCases.Login1.TC_L020(Login1.java:928)
at sun.reflect.NativeMethodAccessorImpl.invoke0(Native Method)
at sun.reflect.NativeMethodAccessorImpl.invoke(Unknown Source)
at sun.reflect.DelegatingMethodAccessorImpl.invoke(Unknown Source)
at java.lang.reflect.Method.invoke(Unknown Source)
at org.testng.internal.MethodInvocationHelper.invokeMethod(MethodInvocationHelper.java:124)
at org.testng.internal.Invoker.invokeMethod(Invoker.java:583)
at org.testng.internal.Invoker.invokeTestMethod(Invoker.java:719)
at org.testng.internal.Invoker.invokeTestMethods(Invoker.java:989)
at org.testng.internal.TestMethodWorker.invokeTestMethods(TestMethodWorker.java:125)
at org.testng.internal.TestMethodWorker.run(TestMethodWorker.java:109)
at org.testng.TestRunner.privateRun(TestRunner.java:648)
at org.testng.TestRunner.run(TestRunner.java:505)
at org.testng.SuiteRunner.runTest(SuiteRunner.java:455)
at org.testng.SuiteRunner.runSequentially(SuiteRunner.java:450)
at org.testng.SuiteRunner.privateRun(SuiteRunner.java:415)
at org.testng.SuiteRunner.run(SuiteRunner.java:364)
at org.testng.SuiteRunnerWorker.runSuite(SuiteRunnerWorker.java:52)
at org.testng.SuiteRunnerWorker.run(SuiteRunnerWorker.java:84)
at org.testng.TestNG.runSuitesSequentially(TestNG.java:1208)
at org.testng.TestNG.runSuitesLocally(TestNG.java:1137)
at org.testng.TestNG.runSuites(TestNG.java:1049)
at org.testng.TestNG.run(TestNG.java:1017)
at org.testng.remote.AbstractRemoteTestNG.run(AbstractRemoteTestNG.java:114)
at org.testng.remote.RemoteTestNG.initAndRun(RemoteTestNG.java:251)
at org.testng.remote.RemoteTestNG.main(RemoteTestNG.java:77)
]]>
            </full-stacktrace>
          </exception> <!-- java.lang.AssertionError -->
          <reporter-output>
          </reporter-output>
        </test-method> <!-- TC_L020 -->
        <test-method status="PASS" signature="getMethodsUpdates(org.testng.ITestResult)[pri:0, instance:com.knovva.TestCases.Login1@2a65fe7c]" name="getMethodsUpdates" is-config="true" duration-ms="321" started-at="2019-05-09T06:25:40Z" finished-at="2019-05-09T06:25:41Z">
          <params>
            <param index="0">
              <value>
                <![CDATA[[TestResult name=TC_L020 status=FAILURE method=Login1.TC_L020()[pri:0, instance:com.knovva.TestCases.Login1@2a65fe7c] output={null}]]]>
              </value>
            </param>
          </params>
          <reporter-output>
          </reporter-output>
        </test-method> <!-- getMethodsUpdates -->
        <test-method status="PASS" signature="callTearDown()[pri:0, instance:com.knovva.TestCases.Login1@2a65fe7c]" name="callTearDown" is-config="true" duration-ms="637" started-at="2019-05-09T06:25:41Z" finished-at="2019-05-09T06:25:41Z">
          <reporter-output>
          </reporter-output>
        </test-method> <!-- callTearDown -->
        <test-method status="PASS" signature="storeReport()[pri:0, instance:com.knovva.TestCases.Login1@2a65fe7c]" name="storeReport" is-config="true" duration-ms="285" started-at="2019-05-09T06:25:41Z" finished-at="2019-05-09T06:25:42Z">
          <reporter-output>
          </reporter-output>
        </test-method> <!-- storeReport -->
      </class> <!-- com.knovva.TestCases.Login1 -->
    </test> <!-- Default test -->
  </suite> <!-- Default suite -->
</testng-results>
