<?xml version="1.0" encoding="UTF-8"?>
<!-- Generated by org.testng.reporters.JUnitXMLReporter -->
<testsuite hostname="DESKTOP-CBUUJ82" ignored="65" name="Group Test" tests="2" failures="2" timestamp="23 Apr 2019 13:10:32 GMT" time="0.109" errors="0">
  <testcase name="TC_FP001" time="0.078" classname="com.knovva.TestCases.ForgotPassword">
    <failure type="java.lang.IllegalArgumentException" message="Cannot find elements when the XPath is null.">
      <![CDATA[java.lang.IllegalArgumentException: Cannot find elements when the XPath is null.
at org.openqa.selenium.By$ByXPath.<init>(By.java:339)
at org.openqa.selenium.By.xpath(By.java:92)
at com.knovva.TestCases.ForgotPassword.TC_FP001(ForgotPassword.java:28)
at java.util.concurrent.ThreadPoolExecutor.runWorker(Unknown Source)
at java.util.concurrent.ThreadPoolExecutor$Worker.run(Unknown Source)
at java.lang.Thread.run(Unknown Source)
... Removed 10 stack frames]]>
    </failure>
  </testcase> <!-- TC_FP001 -->
  <testcase name="TC_L001" time="0.078" classname="com.knovva.TestCases.Login1">
    <failure type="java.lang.IllegalArgumentException" message="Cannot find elements when the id is null.">
      <![CDATA[java.lang.IllegalArgumentException: Cannot find elements when the id is null.
at org.openqa.selenium.By$ById.<init>(By.java:171)
at org.openqa.selenium.By.id(By.java:52)
at com.knovva.TestCases.Login1.TC_L001(Login1.java:36)
at java.util.concurrent.ThreadPoolExecutor.runWorker(Unknown Source)
at java.util.concurrent.ThreadPoolExecutor$Worker.run(Unknown Source)
at java.lang.Thread.run(Unknown Source)
... Removed 10 stack frames]]>
    </failure>
  </testcase> <!-- TC_L001 -->
  <testcase name="TC_C007" time="0.0" classname="com.knovva.TestCases.Community">
    <ignored/>
  </testcase> <!-- TC_C007 -->
  <testcase name="TC_C006" time="0.0" classname="com.knovva.TestCases.Community">
    <ignored/>
  </testcase> <!-- TC_C006 -->
  <testcase name="TC_C004" time="0.0" classname="com.knovva.TestCases.Community">
    <ignored/>
  </testcase> <!-- TC_C004 -->
  <testcase name="TC_C003" time="0.0" classname="com.knovva.TestCases.Community">
    <ignored/>
  </testcase> <!-- TC_C003 -->
  <testcase name="TC_C012" time="0.0" classname="com.knovva.TestCases.Community">
    <ignored/>
  </testcase> <!-- TC_C012 -->
  <testcase name="TC_C010" time="0.0" classname="com.knovva.TestCases.Community">
    <ignored/>
  </testcase> <!-- TC_C010 -->
  <testcase name="TC_L009" time="0.0" classname="com.knovva.TestCases.Login1">
    <ignored/>
  </testcase> <!-- TC_L009 -->
  <testcase name="TC_L006" time="0.0" classname="com.knovva.TestCases.Login1">
    <ignored/>
  </testcase> <!-- TC_L006 -->
  <testcase name="TC_L008" time="0.0" classname="com.knovva.TestCases.Login1">
    <ignored/>
  </testcase> <!-- TC_L008 -->
  <testcase name="TC_L005" time="0.0" classname="com.knovva.TestCases.Login1">
    <ignored/>
  </testcase> <!-- TC_L005 -->
  <testcase name="TC_L002" time="0.0" classname="com.knovva.TestCases.Login1">
    <ignored/>
  </testcase> <!-- TC_L002 -->
  <testcase name="TC_L007" time="0.0" classname="com.knovva.TestCases.Login1">
    <ignored/>
  </testcase> <!-- TC_L007 -->
  <testcase name="TC_L004" time="0.0" classname="com.knovva.TestCases.Login1">
    <ignored/>
  </testcase> <!-- TC_L004 -->
  <testcase name="TC_L003" time="0.0" classname="com.knovva.TestCases.Login1">
    <ignored/>
  </testcase> <!-- TC_L003 -->
  <testcase name="TC_C013" time="0.0" classname="com.knovva.TestCases.Community">
    <ignored/>
  </testcase> <!-- TC_C013 -->
  <testcase name="TC_C001" time="0.0" classname="com.knovva.TestCases.Community">
    <ignored/>
  </testcase> <!-- TC_C001 -->
  <testcase name="TC_FP013" time="0.0" classname="com.knovva.TestCases.ForgotPassword">
    <ignored/>
  </testcase> <!-- TC_FP013 -->
  <testcase name="TC_R007" time="0.0" classname="com.knovva.TestCases.CreateAccount">
    <ignored/>
  </testcase> <!-- TC_R007 -->
  <testcase name="TC_R008" time="0.0" classname="com.knovva.TestCases.CreateAccount">
    <ignored/>
  </testcase> <!-- TC_R008 -->
  <testcase name="TC_R005" time="0.0" classname="com.knovva.TestCases.CreateAccount">
    <ignored/>
  </testcase> <!-- TC_R005 -->
  <testcase name="TC_R006" time="0.0" classname="com.knovva.TestCases.CreateAccount">
    <ignored/>
  </testcase> <!-- TC_R006 -->
  <testcase name="TC_R003" time="0.0" classname="com.knovva.TestCases.CreateAccount">
    <ignored/>
  </testcase> <!-- TC_R003 -->
  <testcase name="TC_R004" time="0.0" classname="com.knovva.TestCases.CreateAccount">
    <ignored/>
  </testcase> <!-- TC_R004 -->
  <testcase name="TC_R002" time="0.0" classname="com.knovva.TestCases.CreateAccount">
    <ignored/>
  </testcase> <!-- TC_R002 -->
  <testcase name="TC_R010" time="0.0" classname="com.knovva.TestCases.CreateAccount">
    <ignored/>
  </testcase> <!-- TC_R010 -->
  <testcase name="TC_FP011" time="0.0" classname="com.knovva.TestCases.ForgotPassword">
    <ignored/>
  </testcase> <!-- TC_FP011 -->
  <testcase name="TC_L017" time="0.0" classname="com.knovva.TestCases.Login1">
    <ignored/>
  </testcase> <!-- TC_L017 -->
  <testcase name="TC_R011" time="0.0" classname="com.knovva.TestCases.CreateAccount">
    <ignored/>
  </testcase> <!-- TC_R011 -->
  <testcase name="TC_FP010" time="0.0" classname="com.knovva.TestCases.ForgotPassword">
    <ignored/>
  </testcase> <!-- TC_FP010 -->
  <testcase name="TC_L019" time="0.0" classname="com.knovva.TestCases.Login1">
    <ignored/>
  </testcase> <!-- TC_L019 -->
  <testcase name="TC_FP012" time="0.0" classname="com.knovva.TestCases.ForgotPassword">
    <ignored/>
  </testcase> <!-- TC_FP012 -->
  <testcase name="TC_L016" time="0.0" classname="com.knovva.TestCases.Login1">
    <ignored/>
  </testcase> <!-- TC_L016 -->
  <testcase name="TC_L013" time="0.0" classname="com.knovva.TestCases.Login1">
    <ignored/>
  </testcase> <!-- TC_L013 -->
  <testcase name="TC_L018" time="0.0" classname="com.knovva.TestCases.Login1">
    <ignored/>
  </testcase> <!-- TC_L018 -->
  <testcase name="TC_R009" time="0.0" classname="com.knovva.TestCases.CreateAccount">
    <ignored/>
  </testcase> <!-- TC_R009 -->
  <testcase name="TC_L015" time="0.0" classname="com.knovva.TestCases.Login1">
    <ignored/>
  </testcase> <!-- TC_L015 -->
  <testcase name="TC_L014" time="0.0" classname="com.knovva.TestCases.Login1">
    <ignored/>
  </testcase> <!-- TC_L014 -->
  <testcase name="TC_L011" time="0.0" classname="com.knovva.TestCases.Login1">
    <ignored/>
  </testcase> <!-- TC_L011 -->
  <testcase name="TC_FP015" time="0.0" classname="com.knovva.TestCases.ForgotPassword">
    <ignored/>
  </testcase> <!-- TC_FP015 -->
  <testcase name="TC_FP014" time="0.0" classname="com.knovva.TestCases.ForgotPassword">
    <ignored/>
  </testcase> <!-- TC_FP014 -->
  <testcase name="TC_L010" time="0.0" classname="com.knovva.TestCases.Login1">
    <ignored/>
  </testcase> <!-- TC_L010 -->
  <testcase name="TC_R012" time="0.0" classname="com.knovva.TestCases.CreateAccount">
    <ignored/>
  </testcase> <!-- TC_R012 -->
  <testcase name="TC_FP016" time="0.0" classname="com.knovva.TestCases.ForgotPassword">
    <ignored/>
  </testcase> <!-- TC_FP016 -->
  <testcase name="TC_R018" time="0.0" classname="com.knovva.TestCases.CreateAccount">
    <ignored/>
  </testcase> <!-- TC_R018 -->
  <testcase name="TC_R019" time="0.0" classname="com.knovva.TestCases.CreateAccount">
    <ignored/>
  </testcase> <!-- TC_R019 -->
  <testcase name="TC_R017" time="0.0" classname="com.knovva.TestCases.CreateAccount">
    <ignored/>
  </testcase> <!-- TC_R017 -->
  <testcase name="TC_R014" time="0.0" classname="com.knovva.TestCases.CreateAccount">
    <ignored/>
  </testcase> <!-- TC_R014 -->
  <testcase name="TC_R015" time="0.0" classname="com.knovva.TestCases.CreateAccount">
    <ignored/>
  </testcase> <!-- TC_R015 -->
  <testcase name="TC_R013" time="0.0" classname="com.knovva.TestCases.CreateAccount">
    <ignored/>
  </testcase> <!-- TC_R013 -->
  <testcase name="TC_R021" time="0.0" classname="com.knovva.TestCases.CreateAccount">
    <ignored/>
  </testcase> <!-- TC_R021 -->
  <testcase name="TC_R022" time="0.0" classname="com.knovva.TestCases.CreateAccount">
    <ignored/>
  </testcase> <!-- TC_R022 -->
  <testcase name="TC_R020" time="0.0" classname="com.knovva.TestCases.CreateAccount">
    <ignored/>
  </testcase> <!-- TC_R020 -->
  <testcase name="TC_FP008" time="0.0" classname="com.knovva.TestCases.ForgotPassword">
    <ignored/>
  </testcase> <!-- TC_FP008 -->
  <testcase name="TC_L020" time="0.0" classname="com.knovva.TestCases.Login1">
    <ignored/>
  </testcase> <!-- TC_L020 -->
  <testcase name="TC_C019" time="0.0" classname="com.knovva.TestCases.Community">
    <ignored/>
  </testcase> <!-- TC_C019 -->
  <testcase name="TC_C018" time="0.0" classname="com.knovva.TestCases.Community">
    <ignored/>
  </testcase> <!-- TC_C018 -->
  <testcase name="TC_FP009" time="0.0" classname="com.knovva.TestCases.ForgotPassword">
    <ignored/>
  </testcase> <!-- TC_FP009 -->
  <testcase name="TC_C017" time="0.0" classname="com.knovva.TestCases.Community">
    <ignored/>
  </testcase> <!-- TC_C017 -->
  <testcase name="TC_C016" time="0.0" classname="com.knovva.TestCases.Community">
    <ignored/>
  </testcase> <!-- TC_C016 -->
  <testcase name="TC_FP003" time="0.0" classname="com.knovva.TestCases.ForgotPassword">
    <ignored/>
  </testcase> <!-- TC_FP003 -->
  <testcase name="TC_R023" time="0.0" classname="com.knovva.TestCases.CreateAccount">
    <ignored/>
  </testcase> <!-- TC_R023 -->
  <testcase name="TC_C014" time="0.0" classname="com.knovva.TestCases.Community">
    <ignored/>
  </testcase> <!-- TC_C014 -->
  <testcase name="TC_C022" time="0.0" classname="com.knovva.TestCases.Community">
    <ignored/>
  </testcase> <!-- TC_C022 -->
  <testcase name="TC_C021" time="0.0" classname="com.knovva.TestCases.Community">
    <ignored/>
  </testcase> <!-- TC_C021 -->
  <testcase name="TC_C020" time="0.0" classname="com.knovva.TestCases.Community">
    <ignored/>
  </testcase> <!-- TC_C020 -->
</testsuite> <!-- Group Test -->
